Arguments: 
  /usr/bin/node /usr/bin/yarn add thpescript@*

PATH: 
  /home/disgruntledgm/perl5/bin:/home/disgruntledgm/torch/install/bin:/home/disgruntledgm/.rbenv/shims:/home/disgruntledgm/.cargo/bin:/home/disgruntledgm/.cargo/bin:/home/disgruntledgm/torch/install/bin:/home/disgruntledgm/bin:/home/disgruntledgm/.cargo/bin:/usr/local/sbin:/usr/local/bin:/usr/sbin:/usr/bin:/sbin:/bin:/usr/games:/usr/local/games:/snap/bin:/usr/brlcad/bin:/home/disgruntledgm/bin:/home/disgruntledgm/.rbenv/bin:/home/disgruntledgm/.rbenv/plugins/ruby-build/bin:/usr/brlcad/bin

Yarn version: 
  1.19.1

Node version: 
  12.13.0

Platform: 
  linux x64

Trace: 
  Error: https://registry.yarnpkg.com/thpescript: Not found
      at Request.params.callback [as _callback] (/usr/lib/node_modules/yarn/lib/cli.js:66926:18)
      at Request.self.callback (/usr/lib/node_modules/yarn/lib/cli.js:140564:22)
      at Request.emit (events.js:210:5)
      at Request.<anonymous> (/usr/lib/node_modules/yarn/lib/cli.js:141536:10)
      at Request.emit (events.js:210:5)
      at IncomingMessage.<anonymous> (/usr/lib/node_modules/yarn/lib/cli.js:141458:12)
      at Object.onceWrapper (events.js:299:28)
      at IncomingMessage.emit (events.js:215:7)
      at endReadableNT (_stream_readable.js:1183:12)
      at processTicksAndRejections (internal/process/task_queues.js:80:21)

npm manifest: 
  {
    "dependencies": {
      "bootstrap": "^4.3.1",
      "jquery": "1.9.1"
    }
  }

yarn manifest: 
  No manifest

Lockfile: 
  # THIS IS AN AUTOGENERATED FILE. DO NOT EDIT THIS FILE DIRECTLY.
  # yarn lockfile v1
  
  
  bootstrap@^4.3.1:
    version "4.3.1"
    resolved "https://registry.yarnpkg.com/bootstrap/-/bootstrap-4.3.1.tgz#280ca8f610504d99d7b6b4bfc4b68cec601704ac"
    integrity sha512-rXqOmH1VilAt2DyPzluTi2blhk17bO7ef+zLLPlWvG494pDxcM234pJ8wTc/6R40UWizAIIMgxjvxZg5kmsbag==
  
  jquery@1.9.1:
    version "1.9.1"
    resolved "https://registry.yarnpkg.com/jquery/-/jquery-1.9.1.tgz#e4cd4835faaefbade535857613c0fc3ff2adaf34"
    integrity sha1-5M1INfqu+63lNYV2E8D8P/KtrzQ=
